<?xml version='1.0' encoding='UTF-8'?>
<testsuite hostname="dhcp-vlan861-208-71.vlan861.client.wireless.uic.edu" name="homework1_PAJtest" tests="5" errors="0" failures="0" skipped="0" time="0.052" timestamp="2022-03-02T16:17:46">
          <properties>
      <property name="java.specification.version" value="17"/><property name="sun.jnu.encoding" value="UTF-8"/><property name="sun.arch.data.model" value="64"/><property name="java.vendor.url" value="https://java.oracle.com/"/><property name="sun.boot.library.path" value="/Users/prajwaljagadish/Library/Java/JavaVirtualMachines/openjdk-17.0.2/Contents/Home/lib"/><property name="sun.java.command" value="/Users/prajwaljagadish/.sdkman/candidates/sbt/1.6.1/bin/sbt-launch.jar test"/><property name="jdk.debug" value="release"/><property name="sun.stderr.encoding" value="UTF-8"/><property name="java.specification.vendor" value="Oracle Corporation"/><property name="java.version.date" value="2022-01-18"/><property name="java.home" value="/Users/prajwaljagadish/Library/Java/JavaVirtualMachines/openjdk-17.0.2/Contents/Home"/><property name="file.separator" value="/"/><property name="java.vm.compressedOopsMode" value="Zero based"/><property name="line.separator" value="
"/><property name="sun.stdout.encoding" value="UTF-8"/><property name="java.vm.specification.vendor" value="Oracle Corporation"/><property name="java.specification.name" value="Java Platform API Specification"/><property name="sun.management.compiler" value="HotSpot 64-Bit Tiered Compilers"/><property name="java.runtime.version" value="17.0.2+8-86"/><property name="user.name" value="prajwaljagadish"/><property name="log4j.ignoreTCL" value="true"/><property name="file.encoding" value="UTF-8"/><property name="jnidispatch.path" value="/Users/prajwaljagadish/Library/Caches/JNA/temp/jna14065648929694228285.tmp"/><property name="jna.loaded" value="true"/><property name="java.io.tmpdir" value="/var/folders/d0/r6tsjmqn04v3q7qh5x4chr980000gn/T/"/><property name="java.version" value="17.0.2"/><property name="java.vm.specification.name" value="Java Virtual Machine Specification"/><property name="native.encoding" value="UTF-8"/><property name="java.library.path" value="/Users/prajwaljagadish/Library/Java/Extensions:/Library/Java/Extensions:/Network/Library/Java/Extensions:/System/Library/Java/Extensions:/usr/lib/java:."/><property name="java.vendor" value="Oracle Corporation"/><property name="scala.ext.dirs" value="/Users/prajwaljagadish/.sbt/1.0/java9-rt-ext-oracle_corporation_17_0_2"/><property name="sun.io.unicode.encoding" value="UnicodeBig"/><property name="socksNonProxyHosts" value="local|*.local|169.254/16|*.169.254/16"/><property name="java.class.path" value="/Users/prajwaljagadish/.sdkman/candidates/sbt/1.6.1/bin/sbt-launch.jar"/><property name="java.vm.vendor" value="Oracle Corporation"/><property name="jline.shutdownhook" value="false"/><property name="user.timezone" value="America/Chicago"/><property name="java.vm.specification.version" value="17"/><property name="os.name" value="Mac OS X"/><property name="sun.java.launcher" value="SUN_STANDARD"/><property name="user.country" value="US"/><property name="http.nonProxyHosts" value="local|*.local|169.254/16|*.169.254/16"/><property name="sun.cpu.endian" value="little"/><property name="user.home" value="/Users/prajwaljagadish"/><property name="user.language" value="en"/><property name="sbt.script" value="/Users/prajwaljagadish/.sdkman/candidates/sbt/current/bin/sbt"/><property name="swoval.tmpdir" value="/Users/prajwaljagadish/.sbt/1.0"/><property name="jline.esc.timeout" value="0"/><property name="ftp.nonProxyHosts" value="local|*.local|169.254/16|*.169.254/16"/><property name="path.separator" value=":"/><property name="os.version" value="11.6"/><property name="jna.nosys" value="true"/><property name="java.runtime.name" value="OpenJDK Runtime Environment"/><property name="java.vm.name" value="OpenJDK 64-Bit Server VM"/><property name="jna.platform.library.path" value="/usr/lib:/usr/lib"/><property name="java.vendor.url.bug" value="https://bugreport.java.com/bugreport/"/><property name="user.dir" value="/Users/prajwaljagadish/Desktop/CS474-Homework"/><property name="os.arch" value="x86_64"/><property name="java.vm.info" value="mixed mode, sharing"/><property name="java.vm.version" value="17.0.2+8-86"/><property name="java.class.version" value="61.0"/>
    </properties>
          <testcase classname="homework1_PAJtest" name="Feature: Sets Operation Scenario: newSet" time="0.038">
                      
                    </testcase><testcase classname="homework1_PAJtest" name="Feature: setUnion Scenario: setUnion" time="0.008">
                      
                    </testcase><testcase classname="homework1_PAJtest" name="Feature: setIntersection Scenario: setIntersection" time="0.002">
                      
                    </testcase><testcase classname="homework1_PAJtest" name="Feature: setdifference Scenario: setDifference" time="0.002">
                      
                    </testcase><testcase classname="homework1_PAJtest" name="Feature: symmetric Difference Scenario: setSymmetricDifference" time="0.002">
                      
                    </testcase>
          <system-out><![CDATA[]]></system-out>
          <system-err><![CDATA[]]></system-err>
        </testsuite>